Determining if the pthread_create exist failed with the following output:
Change Dir: /home/jianping/workspace/Project/DepthProbability/cmake-build-debug/CMakeFiles/CMakeTmp

Run Build Command:"/usr/bin/make" "cmTC_0324a/fast"
/usr/bin/make -f CMakeFiles/cmTC_0324a.dir/build.make CMakeFiles/cmTC_0324a.dir/build
make[1]: Entering directory '/home/jianping/workspace/Project/DepthProbability/cmake-build-debug/CMakeFiles/CMakeTmp'
Building C object CMakeFiles/cmTC_0324a.dir/CheckSymbolExists.c.o
/usr/bin/cc     -o CMakeFiles/cmTC_0324a.dir/CheckSymbolExists.c.o   -c /home/jianping/workspace/Project/DepthProbability/cmake-build-debug/CMakeFiles/CMakeTmp/CheckSymbolExists.c
Linking C executable cmTC_0324a
/home/jianping/software/clion-2016.3.3/bin/cmake/bin/cmake -E cmake_link_script CMakeFiles/cmTC_0324a.dir/link.txt --verbose=1
/usr/bin/cc       CMakeFiles/cmTC_0324a.dir/CheckSymbolExists.c.o  -o cmTC_0324a -rdynamic 
CMakeFiles/cmTC_0324a.dir/CheckSymbolExists.c.o：在函数‘main’中：
CheckSymbolExists.c:(.text+0x16)：对‘pthread_create’未定义的引用
collect2: error: ld returned 1 exit status
CMakeFiles/cmTC_0324a.dir/build.make:97: recipe for target 'cmTC_0324a' failed
make[1]: *** [cmTC_0324a] Error 1
make[1]: Leaving directory '/home/jianping/workspace/Project/DepthProbability/cmake-build-debug/CMakeFiles/CMakeTmp'
Makefile:126: recipe for target 'cmTC_0324a/fast' failed
make: *** [cmTC_0324a/fast] Error 2

File /home/jianping/workspace/Project/DepthProbability/cmake-build-debug/CMakeFiles/CMakeTmp/CheckSymbolExists.c:
/* */
#include <pthread.h>

int main(int argc, char** argv)
{
  (void)argv;
#ifndef pthread_create
  return ((int*)(&pthread_create))[argc];
#else
  (void)argc;
  return 0;
#endif
}

Determining if the function pthread_create exists in the pthreads failed with the following output:
Change Dir: /home/jianping/workspace/Project/DepthProbability/cmake-build-debug/CMakeFiles/CMakeTmp

Run Build Command:"/usr/bin/make" "cmTC_a5d85/fast"
/usr/bin/make -f CMakeFiles/cmTC_a5d85.dir/build.make CMakeFiles/cmTC_a5d85.dir/build
make[1]: Entering directory '/home/jianping/workspace/Project/DepthProbability/cmake-build-debug/CMakeFiles/CMakeTmp'
Building C object CMakeFiles/cmTC_a5d85.dir/CheckFunctionExists.c.o
/usr/bin/cc    -DCHECK_FUNCTION_EXISTS=pthread_create   -o CMakeFiles/cmTC_a5d85.dir/CheckFunctionExists.c.o   -c /home/jianping/software/clion-2016.3.3/bin/cmake/share/cmake-3.6/Modules/CheckFunctionExists.c
Linking C executable cmTC_a5d85
/home/jianping/software/clion-2016.3.3/bin/cmake/bin/cmake -E cmake_link_script CMakeFiles/cmTC_a5d85.dir/link.txt --verbose=1
/usr/bin/cc   -DCHECK_FUNCTION_EXISTS=pthread_create    CMakeFiles/cmTC_a5d85.dir/CheckFunctionExists.c.o  -o cmTC_a5d85 -rdynamic -lpthreads 
/usr/bin/ld: 找不到 -lpthreads
collect2: error: ld returned 1 exit status
CMakeFiles/cmTC_a5d85.dir/build.make:97: recipe for target 'cmTC_a5d85' failed
make[1]: *** [cmTC_a5d85] Error 1
make[1]: Leaving directory '/home/jianping/workspace/Project/DepthProbability/cmake-build-debug/CMakeFiles/CMakeTmp'
Makefile:126: recipe for target 'cmTC_a5d85/fast' failed
make: *** [cmTC_a5d85/fast] Error 2


